lalal
16-05-24 14:47:18 - INFO-Get Host Error or cannot find this host,please check !
16-05-24 14:47:18 - INFO-This host cannot find in zabbix,please check it !
16-05-24 14:48:14 - INFO-Get Host Error or cannot find this host,please check !
16-05-24 14:48:14 - INFO-This host cannot find in zabbix,please check it !
16-05-24 14:48:17 - INFO-Get Host Error or cannot find this host,please check !
16-05-24 14:48:17 - INFO-This host cannot find in zabbix,please check it !
16-05-24 14:48:29 - INFO-Get Host Error or cannot find this host,please check !
16-05-24 14:48:29 - INFO-This host cannot find in zabbix,please check it !
16-05-24 14:48:53 - INFO-Wrong fields for host "".
16-05-24 14:55:07 - INFO-Get Host Error or cannot find this host,please check !
16-05-24 14:55:07 - INFO-This host cannot find in zabbix,please check it !
16-05-24 17:06:29 - INFO-Get Host Error or cannot find this host,please check !
16-05-24 17:06:29 - INFO-This host cannot find in zabbix,please check it !
16-05-25 10:10:17 - INFO-Auth Failed,Please Check Your Name and Password!
16-05-25 10:12:06 - INFO-Auth Failed,Please Check Your Name and Password!
16-05-25 10:14:00 - INFO-Auth Failed,Please Check Your Name and Password!
16-05-25 10:15:16 - INFO-[Errno 60] Operation timed out
16-05-25 10:20:17 - INFO-Auth Failed,Please Check Your Name and Password!
16-05-25 10:21:33 - INFO-[Errno 60] Operation timed out
16-05-25 10:26:05 - INFO-Auth Failed,Please Check Your Name and Password!
16-05-25 10:31:18 - INFO-Auth Failed,Please Check Your Name and Password!
16-05-25 10:32:34 - INFO-[Errno 60] Operation timed out
16-05-25 10:37:15 - INFO-Auth Failed,Please Check Your Name and Password!
16-05-25 10:38:30 - INFO-[Errno 60] Operation timed out
16-05-26 12:33:31 - INFO-[u'Host with the same name "33.33.33.33" already exists.']
16-05-26 15:30:16 - INFO-[u'Host with the same name "test1" already exists.']
16-07-14 17:16:15 - INFO-Get Host Error or cannot find this host,please check !
16-07-14 17:16:28 - INFO-Get Host Error or cannot find this host,please check !
16-07-14 17:16:33 - INFO-Get Host Error or cannot find this host,please check !
16-07-14 17:17:26 - INFO-Get Host Error or cannot find this host,please check !
16-07-14 17:20:11 - INFO-Get Host Error or cannot find this host,please check !
16-07-14 17:21:20 - INFO-Get Host Error or cannot find this host,please check !
16-07-14 17:21:53 - INFO-Get Host Error or cannot find this host,please check !
16-07-14 17:22:00 - INFO-Get Host Error or cannot find this host,please check !
16-07-14 17:39:28 - INFO-Get Host Error or cannot find this host,please check !
