lala
ipython216-05-24 11:29:28 - INFO-Host with the same name "test" already exists.
16-05-24 11:48:49 - INFO-Host with the same name "test" already exists.
16-05-24 11:49:45 - INFO-Get Host Error or cannot find this host,please check !
16-05-24 11:50:45 - INFO-Get Host Error or cannot find this host,please check !
16-05-24 11:53:24 - INFO-Get Host Error or cannot find this host,please check !
16-05-24 11:53:24 - INFO-This host cannot find in zabbix,please check it !
16-05-24 11:53:32 - INFO-Get Host Error or cannot find this host,please check !
16-05-24 11:53:32 - INFO-This host cannot find in zabbix,please check it !
16-05-24 11:53:58 - INFO-Get Host Error or cannot find this host,please check !
16-05-24 11:53:58 - INFO-This host cannot find in zabbix,please check it !
16-05-24 11:54:39 - INFO-Get Host Error or cannot find this host,please check !
16-05-24 11:54:41 - INFO-Get Host Error or cannot find this host,please check !
16-05-24 11:56:54 - INFO-Get Host Error or cannot find this host,please check !
16-05-24 11:57:01 - INFO-Get Host Error or cannot find this host,please check !
16-05-24 11:57:25 - INFO-Get Host Error or cannot find this host,please check !
16-05-24 11:58:37 - INFO-Get Host Error or cannot find this host,please check !
16-05-24 11:58:43 - INFO-Get Host Error or cannot find this host,please check !
16-05-24 11:59:03 - INFO-Get Host Error or cannot find this host,please check !
16-05-24 12:04:48 - INFO-Get Host Error or cannot find this host,please check !
16-05-24 12:05:05 - INFO-Get Host Error or cannot find this host,please check !
16-05-24 12:05:11 - INFO-Get Host Error or cannot find this host,please check !
